<?xml version="1.0" encoding="UTF-8"?>
<testsuite xmlns:xsi="http://www.w3.org/2001/XMLSchema-instance" xsi:noNamespaceSchemaLocation="https://maven.apache.org/surefire/maven-surefire-plugin/xsd/surefire-test-report.xsd" version="3.0.2" name="TestSuite" time="42.953" tests="4" errors="0" skipped="0" failures="1">
  <properties>
[...]
</properties>
  <testcase name="createEmployeeTest" classname="testScript.EmployeeCRUDTest" time="3.486">
    <system-out><![CDATA[Request method:	POST
Request URI:	https://virtus2027-trials7161.orangehrmlive.com/api/wizard
Proxy:			<none>
Request params:	<none>
Query params:	<none>
Form params:	<none>
Path params:	<none>
Headers:		Accept=application/json, application/javascript, text/javascript, text/json
				Authorization=Bearer 2388596c73b5c00d8587d8f964451625842f8d6a
				Content-Type=application/json
Cookies:		orangehrmSecurityAuthentication_LoginLocationTracker=21232f297a57a5a743894a0e4a801fc3
				orangehrm=r7t6qmtfp1l9j9fus96j9upshijq4s0tpbuuienvmle9ooon0pb6or0drap11rf0q9rriet0tp8nf8bgc42jgfd45i1rv5mp99grg79359fscpk8r6que489h6skf88m
				Loggedin=True
				guest=deleted
				navigation_log_latest_url=%2Fauth%2Flogin
Multiparts:		<none>
Body:
[
    {
        "endpoint": "employees",
        "method": "POST",
        "data": {
            "firstName": "Glennie",
            "middleName": "Deneen",
            "lastName": "Reinger",
            "chkLogin": true,
            "locationId": "1",
            "joinedDate": "2026-06-18",
            "autoGenerateEmployeeId": true,
            "initiatePreboarding": false,
            "userName": "alessandra.bartell",
            "userPassword": "Non odit velit et modi sed nisi corporis.Eos tempo",
            "rePassword": "Non odit velit et modi sed nisi corporis.Eos tempo",
            "status": "Enabled",
            "essRoleId": "2",
            "supervisorRoleId": "3",
            "adminRoleId": "1",
            "employeeId": null
        },
        "params": {
            
        }
    },
    {
        "endpoint": "employees/<EMPNUMBER>",
        "method": "PATCH",
        "data": {
            "firstName": "Glennie",
            "middleName": "Deneen",
            "lastName": "Reinger",
            "nation_code": "82",
            "emp_marital_status": null,
            "emp_gender": null,
            "emp_birthday": null,
            "emp_dri_lice_exp_date": null
        },
        "params": {
            
        }
    },
    {
        "endpoint": "employees/<EMPNUMBER>/job",
        "method": "PATCH",
        "data": {
            "joined_date": "2026-06-18",
            "job_title_id": "12",
            "employment_status_id": "3",
            "job_category_id": "",
            "subunit_id": "",
            "location_id": "1",
            "work_schedule_id": "2",
            "has_contract_details": "1",
            "comment": "",
            "effective_date": "2026-06-18",
            "event_id": "1",
            "probation_end_date": null,
            "date_of_permanency": null,
            "cost_centre_id": null,
            "contract_start_date": null,
            "contract_end_date": null
        },
        "params": {
            
        }
    },
    {
        "endpoint": "employeeOnboarding/<EMPNUMBER>/create",
        "method": "POST",
        "data": {
            "data": {
                "eventTemplate": "2",
                "dueDate": "2026-06-18",
                "owners": [
                    "29",
                    "38"
                ]
            }
        },
        "params": {
            
        }
    }
]
212
]]></system-out>
    <system-err><![CDATA[SLF4J(W): No SLF4J providers were found.
SLF4J(W): Defaulting to no-operation (NOP) logger implementation
SLF4J(W): See https://www.slf4j.org/codes.html#noProviders for further details.
]]></system-err>
  </testcase>
  <testcase name="verifyWidgets" classname="testScript.VerifyWidgetsTest" time="1.999">
    <system-out><![CDATA[Test Case Passed : createEmployeeTest
PASSED: createEmployeeTest

===============================================
    /home/dell/Documents/Learning/APIs/Doc/MAY25_HRM_API_22June/MAY25_HRM_API/src/test/java/testScript/EmployeeCRUDTest.java
    Tests run: 1, Failures: 0, Skips: 0
===============================================

Request method:	GET
Request URI:	https://virtus2027-trials7161.orangehrmlive.com/api/dashboard/widgets
Proxy:			<none>
Request params:	<none>
Query params:	<none>
Form params:	<none>
Path params:	<none>
Headers:		Accept=application/json, application/javascript, text/javascript, text/json
				Authorization=Bearer fdd120df802763085bbc09bf4ea5388bcab0c193
				Content-Type=application/x-www-form-urlencoded; charset=ISO-8859-1
Cookies:		orangehrmSecurityAuthentication_LoginLocationTracker=21232f297a57a5a743894a0e4a801fc3
				orangehrm=e41ugl3oeasekp5ns0h4556m8b8so3f6b3bvq41fnqt0igk4ke802553jala29cb7nhtndb6tt3fhvvn90i31mjej0hij2gqh0ti6qbffroj0v9nrn8vnjk6gcpg3525
				Loggedin=True
				guest=deleted
				navigation_log_latest_url=%2Fauth%2Flogin
Multiparts:		<none>
Body:			<none>
]]></system-out>
  </testcase>
  <testcase name="verifySkillASCOrder" classname="testScript.VerifyWidgetsTest" time="2.435">
    <failure message="Name Field Not Same: lists don&apos;t have the same size expected [11] but found [15]" type="java.lang.AssertionError"><![CDATA[java.lang.AssertionError: Name Field Not Same: lists don't have the same size expected [11] but found [15]
	at org.testng.Assert.fail(Assert.java:99)
	at org.testng.Assert.failNotEquals(Assert.java:1037)
	at org.testng.Assert.assertEqualsImpl(Assert.java:140)
	at org.testng.Assert.assertEquals(Assert.java:122)
	at org.testng.Assert.assertEquals(Assert.java:907)
	at org.testng.Assert.assertEquals(Assert.java:1089)
	at testScript.VerifyWidgetsTest.verifySkillASCOrder(VerifyWidgetsTest.java:57)
	at java.base/jdk.internal.reflect.NativeMethodAccessorImpl.invoke0(Native Method)
	at java.base/jdk.internal.reflect.NativeMethodAccessorImpl.invoke(NativeMethodAccessorImpl.java:62)
	at java.base/jdk.internal.reflect.DelegatingMethodAccessorImpl.invoke(DelegatingMethodAccessorImpl.java:43)
	at java.base/java.lang.reflect.Method.invoke(Method.java:566)
	at org.testng.internal.MethodInvocationHelper.invokeMethod(MethodInvocationHelper.java:133)
	at org.testng.internal.TestInvoker.invokeMethod(TestInvoker.java:598)
	at org.testng.internal.TestInvoker.invokeTestMethod(TestInvoker.java:173)
	at org.testng.internal.MethodRunner.runInSequence(MethodRunner.java:46)
	at org.testng.internal.TestInvoker$MethodInvocationAgent.invoke(TestInvoker.java:824)
	at org.testng.internal.TestInvoker.invokeTestMethods(TestInvoker.java:146)
	at org.testng.internal.TestMethodWorker.invokeTestMethods(TestMethodWorker.java:146)
	at org.testng.internal.TestMethodWorker.run(TestMethodWorker.java:128)
	at java.base/java.util.ArrayList.forEach(ArrayList.java:1541)
	at org.testng.TestRunner.privateRun(TestRunner.java:794)
	at org.testng.TestRunner.run(TestRunner.java:596)
	at org.testng.SuiteRunner.runTest(SuiteRunner.java:377)
	at org.testng.SuiteRunner.runSequentially(SuiteRunner.java:371)
	at org.testng.SuiteRunner.privateRun(SuiteRunner.java:332)
	at org.testng.SuiteRunner.run(SuiteRunner.java:276)
	at org.testng.SuiteRunnerWorker.runSuite(SuiteRunnerWorker.java:53)
	at org.testng.SuiteRunnerWorker.run(SuiteRunnerWorker.java:96)
	at org.testng.TestNG.runSuitesSequentially(TestNG.java:1212)
	at org.testng.TestNG.runSuitesLocally(TestNG.java:1134)
	at org.testng.TestNG.runSuites(TestNG.java:1063)
	at org.testng.TestNG.run(TestNG.java:1031)
	at org.apache.maven.surefire.testng.TestNGExecutor.run(TestNGExecutor.java:308)
	at org.apache.maven.surefire.testng.TestNGXmlTestSuite.execute(TestNGXmlTestSuite.java:71)
	at org.apache.maven.surefire.testng.TestNGProvider.invoke(TestNGProvider.java:113)
	at org.apache.maven.surefire.booter.ForkedBooter.runSuitesInProcess(ForkedBooter.java:385)
	at org.apache.maven.surefire.booter.ForkedBooter.execute(ForkedBooter.java:162)
	at org.apache.maven.surefire.booter.ForkedBooter.run(ForkedBooter.java:507)
	at org.apache.maven.surefire.booter.ForkedBooter.main(ForkedBooter.java:495)
]]></failure>
    <system-out><![CDATA[Test Case Passed : verifyWidgets
Request method:	GET
Request URI:	https://virtus2027-trials7161.orangehrmlive.com/api/skills?sortingOrder=DESC&limit=11&sortingFeild=description
Proxy:			<none>
Request params:	<none>
Query params:	sortingOrder=DESC
				limit=11
				sortingFeild=description
Form params:	<none>
Path params:	<none>
Headers:		Accept=application/json, application/javascript, text/javascript, text/json
				Authorization=Bearer 066ea28ae5aee134d1afc51abbbb2b3f54c412f1
				Content-Type=application/x-www-form-urlencoded; charset=ISO-8859-1
Cookies:		orangehrmSecurityAuthentication_LoginLocationTracker=21232f297a57a5a743894a0e4a801fc3
				orangehrm=flpt2ffj5ojc9a23qr307gfl949qhtuoaqef43epramc0jhr5tc3l7psgojer4sccu5cj755qjnt49fk2a7md962j3g40jpe19n91ip91tkp9ocni8kot4rscmij1d7l
				Loggedin=True
				guest=deleted
				navigation_log_latest_url=%2Fauth%2Flogin
Multiparts:		<none>
Body:			<none>
Request method:	GET
Request URI:	https://virtus2027-trials7161.orangehrmlive.com/api/skills
Proxy:			<none>
Request params:	<none>
Query params:	<none>
Form params:	<none>
Path params:	<none>
Headers:		Accept=application/json, application/javascript, text/javascript, text/json
				Authorization=Bearer 066ea28ae5aee134d1afc51abbbb2b3f54c412f1
				Content-Type=application/x-www-form-urlencoded; charset=ISO-8859-1
Cookies:		orangehrmSecurityAuthentication_LoginLocationTracker=21232f297a57a5a743894a0e4a801fc3
				orangehrm=flpt2ffj5ojc9a23qr307gfl949qhtuoaqef43epramc0jhr5tc3l7psgojer4sccu5cj755qjnt49fk2a7md962j3g40jpe19n91ip91tkp9ocni8kot4rscmij1d7l
				Loggedin=True
				guest=deleted
				navigation_log_latest_url=%2Fauth%2Flogin
Multiparts:		<none>
Body:			<none>
]]></system-out>
  </testcase>
  <testcase name="createSkillAndVerifyInSame" classname="testScript.VerifyWidgetsTest" time="5.43">
    <system-out><![CDATA[Test Case Failed : verifySkillASCOrder
Request method:	POST
Request URI:	https://virtus2027-trials7161.orangehrmlive.com/api/skills
Proxy:			<none>
Request params:	<none>
Query params:	<none>
Form params:	<none>
Path params:	<none>
Headers:		Accept=application/json, application/javascript, text/javascript, text/json
				Authorization=Bearer 87cde7459608daa7f50bd6f9297aced07b6feb8f
				Content-Type=application/json
Cookies:		orangehrmSecurityAuthentication_LoginLocationTracker=21232f297a57a5a743894a0e4a801fc3
				orangehrm=ld0vp5amruu4rtg31u459mod2q5j183snvq6dlevq351ldklgijjaulotm5821u3ccm11e5mll6br83vfrq937adca7ui5128rr56godod8mtdtmg7s40k25rbi0sghn
				Loggedin=True
				guest=deleted
				navigation_log_latest_url=%2Fauth%2Flogin
Multiparts:		<none>
Body:
{
    "name": "Java",
    "description": "Programming"
}
Request method:	GET
Request URI:	https://virtus2027-trials7161.orangehrmlive.com/api/skills
Proxy:			<none>
Request params:	<none>
Query params:	<none>
Form params:	<none>
Path params:	<none>
Headers:		Accept=application/json, application/javascript, text/javascript, text/json
				Authorization=Bearer 87cde7459608daa7f50bd6f9297aced07b6feb8f
				Content-Type=application/x-www-form-urlencoded; charset=ISO-8859-1
Cookies:		orangehrmSecurityAuthentication_LoginLocationTracker=21232f297a57a5a743894a0e4a801fc3
				orangehrm=ld0vp5amruu4rtg31u459mod2q5j183snvq6dlevq351ldklgijjaulotm5821u3ccm11e5mll6br83vfrq937adca7ui5128rr56godod8mtdtmg7s40k25rbi0sghn
				Loggedin=True
				guest=deleted
				navigation_log_latest_url=%2Fauth%2Flogin
Multiparts:		<none>
Body:			<none>
Request method:	PATCH
Request URI:	https://virtus2027-trials7161.orangehrmlive.com/api/skills/34
Proxy:			<none>
Request params:	<none>
Query params:	<none>
Form params:	<none>
Path params:	<none>
Headers:		Accept=application/json, application/javascript, text/javascript, text/json
				Authorization=Bearer 87cde7459608daa7f50bd6f9297aced07b6feb8f
				Content-Type=application/json
Cookies:		orangehrmSecurityAuthentication_LoginLocationTracker=21232f297a57a5a743894a0e4a801fc3
				orangehrm=ld0vp5amruu4rtg31u459mod2q5j183snvq6dlevq351ldklgijjaulotm5821u3ccm11e5mll6br83vfrq937adca7ui5128rr56godod8mtdtmg7s40k25rbi0sghn
				Loggedin=True
				guest=deleted
				navigation_log_latest_url=%2Fauth%2Flogin
Multiparts:		<none>
Body:
{
    "name": "Python",
    "description": "AI & ML"
}
Request method:	DELETE
Request URI:	https://virtus2027-trials7161.orangehrmlive.com/api/skills
Proxy:			<none>
Request params:	<none>
Query params:	<none>
Form params:	<none>
Path params:	<none>
Headers:		Accept=application/json, application/javascript, text/javascript, text/json
				Authorization=Bearer 87cde7459608daa7f50bd6f9297aced07b6feb8f
				Content-Type=application/json
Cookies:		orangehrmSecurityAuthentication_LoginLocationTracker=21232f297a57a5a743894a0e4a801fc3
				orangehrm=ld0vp5amruu4rtg31u459mod2q5j183snvq6dlevq351ldklgijjaulotm5821u3ccm11e5mll6br83vfrq937adca7ui5128rr56godod8mtdtmg7s40k25rbi0sghn
				Loggedin=True
				guest=deleted
				navigation_log_latest_url=%2Fauth%2Flogin
Multiparts:		<none>
Body:
{
    "data": [
        "34"
    ]
}
]]></system-out>
  </testcase>
</testsuite>