<?xml version="1.0" encoding="UTF-8"?>
<!-- Generated by org.testng.reporters.JUnitXMLReporter -->
<testsuite ignored="0" hostname="dell-Latitude-3510" failures="0" tests="1" name="/home/dell/Documents/Learning/APIs/Doc/MAY25_HRM_API_22June/MAY25_HRM_API/src/test/java/testScript/EmployeeCRUDTest.java" time="13.334" errors="0" timestamp="2025-06-28T09:14:38 IST">
  <testcase classname="testScript.EmployeeCRUDTest" name="createEmployeeTest" time="3.5"/>
</testsuite> <!-- /home/dell/Documents/Learning/APIs/Doc/MAY25_HRM_API_22June/MAY25_HRM_API/src/test/java/testScript/EmployeeCRUDTest.java -->
